2025-05-12 19:01:56,960 [INFO] Scrapy 2.12.0 started (bot: scrapybot)
2025-05-12 19:01:56,962 [INFO] Versions: lxml 5.4.0.0, libxml2 2.13.8, cssselect 1.3.0, parsel 1.10.0, w3lib 2.3.1, Twisted 24.11.0, Python 3.12.3 (main, Feb  4 2025, 14:48:35) [GCC 13.3.0], pyOpenSSL 25.0.0 (OpenSSL 3.4.1 11 Feb 2025), cryptography 44.0.3, Platform Linux-5.15.167.4-microsoft-standard-WSL2-x86_64-with-glibc2.39
2025-05-12 19:01:56,963 [INFO] Spider inicializado con max_pages=5
2025-05-12 19:01:56,964 [INFO] Enabled addons:
[]
2025-05-12 19:01:56,970 [DEBUG] Using reactor: twisted.internet.epollreactor.EPollReactor
2025-05-12 19:01:56,975 [INFO] Telnet Password: b464387f775843de
2025-05-12 19:01:56,994 [INFO] Enabled extensions:
['scrapy.extensions.corestats.CoreStats',
 'scrapy.extensions.telnet.TelnetConsole',
 'scrapy.extensions.memusage.MemoryUsage',
 'scrapy.extensions.closespider.CloseSpider',
 'scrapy.extensions.logstats.LogStats']
2025-05-12 19:01:56,995 [INFO] Overridden settings:
{'CLOSESPIDER_PAGECOUNT': 5}
2025-05-12 19:01:57,208 [INFO] Enabled downloader middlewares:
['scrapy.downloadermiddlewares.offsite.OffsiteMiddleware',
 'scrapy.downloadermiddlewares.httpauth.HttpAuthMiddleware',
 'scrapy.downloadermiddlewares.downloadtimeout.DownloadTimeoutMiddleware',
 'scrapy.downloadermiddlewares.defaultheaders.DefaultHeadersMiddleware',
 'scrapy.downloadermiddlewares.useragent.UserAgentMiddleware',
 'scrapy.downloadermiddlewares.retry.RetryMiddleware',
 'scrapy.downloadermiddlewares.redirect.MetaRefreshMiddleware',
 'scrapy.downloadermiddlewares.httpcompression.HttpCompressionMiddleware',
 'scrapy.downloadermiddlewares.redirect.RedirectMiddleware',
 'scrapy.downloadermiddlewares.cookies.CookiesMiddleware',
 'scrapy.downloadermiddlewares.httpproxy.HttpProxyMiddleware',
 'scrapy.downloadermiddlewares.stats.DownloaderStats']
2025-05-12 19:01:57,210 [INFO] Enabled spider middlewares:
['scrapy.spidermiddlewares.httperror.HttpErrorMiddleware',
 'scrapy.spidermiddlewares.referer.RefererMiddleware',
 'scrapy.spidermiddlewares.urllength.UrlLengthMiddleware',
 'scrapy.spidermiddlewares.depth.DepthMiddleware']
2025-05-12 19:01:57,211 [INFO] Enabled item pipelines:
[]
2025-05-12 19:01:57,211 [INFO] Spider opened
2025-05-12 19:01:57,218 [INFO] Crawled 0 pages (at 0 pages/min), scraped 0 items (at 0 items/min)
2025-05-12 19:01:57,219 [INFO] Telnet console listening on 127.0.0.1:6023
2025-05-12 19:01:57,220 [INFO] Iniciando scraper zonaprop...
2025-05-12 19:01:57,951 [DEBUG] Crawled (403) <GET https://www.zonaprop.com.ar/departamentos-alquiler-flores.html> (referer: None)
2025-05-12 19:01:58,053 [INFO] Ignoring response <403 https://www.zonaprop.com.ar/departamentos-alquiler-flores.html>: HTTP status code is not handled or not allowed
2025-05-12 19:01:58,057 [INFO] Closing spider (finished)
2025-05-12 19:01:58,060 [INFO] Dumping Scrapy stats:
{'downloader/request_bytes': 254,
 'downloader/request_count': 1,
 'downloader/request_method_count/GET': 1,
 'downloader/response_bytes': 6526,
 'downloader/response_count': 1,
 'downloader/response_status_count/403': 1,
 'elapsed_time_seconds': 0.840765,
 'finish_reason': 'finished',
 'finish_time': datetime.datetime(2025, 5, 12, 19, 1, 58, 58818, tzinfo=datetime.timezone.utc),
 'httpcompression/response_bytes': 7038,
 'httpcompression/response_count': 1,
 'httperror/response_ignored_count': 1,
 'httperror/response_ignored_status_count/403': 1,
 'items_per_minute': None,
 'log_count/DEBUG': 2,
 'log_count/INFO': 12,
 'memusage/max': 64544768,
 'memusage/startup': 64544768,
 'response_received_count': 1,
 'responses_per_minute': None,
 'scheduler/dequeued': 1,
 'scheduler/dequeued/memory': 1,
 'scheduler/enqueued': 1,
 'scheduler/enqueued/memory': 1,
 'start_time': datetime.datetime(2025, 5, 12, 19, 1, 57, 218053, tzinfo=datetime.timezone.utc)}
2025-05-12 19:01:58,060 [INFO] Spider closed (finished)
2025-05-12 19:01:58,063 [INFO] Scraper zonaprop finalizado.
