2025-05-18 03:20:40 [scrapy.utils.log] INFO: Scrapy 2.12.0 started (bot: mercado_inmobiliario)
2025-05-18 03:20:40 [scrapy.utils.log] INFO: Versions: lxml 5.4.0.0, libxml2 2.13.8, cssselect 1.3.0, parsel 1.10.0, w3lib 2.3.1, Twisted 24.11.0, Python 3.12.3 (main, Feb  4 2025, 14:48:35) [GCC 13.3.0], pyOpenSSL 25.0.0 (OpenSSL 3.4.1 11 Feb 2025), cryptography 44.0.3, Platform Linux-5.15.167.4-microsoft-standard-WSL2-x86_64-with-glibc2.39
2025-05-18 03:20:40 [scrapy.addons] INFO: Enabled addons:
[]
2025-05-18 03:20:40 [scrapy.extensions.telnet] INFO: Telnet Password: 8776dcb7b608e49b
2025-05-18 03:20:40 [scrapy.middleware] INFO: Enabled extensions:
['scrapy.extensions.corestats.CoreStats',
 'scrapy.extensions.telnet.TelnetConsole',
 'scrapy.extensions.memusage.MemoryUsage',
 'scrapy.extensions.logstats.LogStats',
 'scrapy.extensions.throttle.AutoThrottle']
2025-05-18 03:20:40 [scrapy.crawler] INFO: Overridden settings:
{'AUTOTHROTTLE_ENABLED': True,
 'BOT_NAME': 'mercado_inmobiliario',
 'CONCURRENT_REQUESTS': 1,
 'DOWNLOAD_DELAY': 5,
 'HTTPCACHE_ENABLED': True,
 'HTTPCACHE_EXPIRATION_SECS': 86400,
 'HTTPCACHE_IGNORE_HTTP_CODES': [403, 429, 500, 502, 503, 504],
 'LOG_FILE': 'scrapy.log',
 'LOG_LEVEL': 'INFO',
 'NEWSPIDER_MODULE': 'mercado_inmobiliario.spiders',
 'RETRY_HTTP_CODES': [500, 502, 503, 504, 522, 524, 408, 403, 429],
 'RETRY_TIMES': 5,
 'SPIDER_MODULES': ['mercado_inmobiliario.spiders'],
 'USER_AGENT': 'Mozilla/5.0 (Windows NT 10.0; Win64; x64) AppleWebKit/537.36 '
               '(KHTML, like Gecko) Chrome/93.0.4577.63 Safari/537.36'}
2025-05-18 03:20:40 [scrapy.middleware] INFO: Enabled downloader middlewares:
['scrapy.downloadermiddlewares.offsite.OffsiteMiddleware',
 'scrapy.downloadermiddlewares.httpauth.HttpAuthMiddleware',
 'scrapy.downloadermiddlewares.downloadtimeout.DownloadTimeoutMiddleware',
 'scrapy.downloadermiddlewares.defaultheaders.DefaultHeadersMiddleware',
 'mercado_inmobiliario.middlewares.RotateUserAgentMiddleware',
 'scrapy.downloadermiddlewares.useragent.UserAgentMiddleware',
 'mercado_inmobiliario.middlewares.AdvancedRetryMiddleware',
 'scrapy.downloadermiddlewares.redirect.MetaRefreshMiddleware',
 'scrapy.downloadermiddlewares.redirect.RedirectMiddleware',
 'mercado_inmobiliario.middlewares.SeleniumMiddleware',
 'scrapy.downloadermiddlewares.cookies.CookiesMiddleware',
 'scrapy.downloadermiddlewares.httpproxy.HttpProxyMiddleware',
 'scrapy.downloadermiddlewares.httpcompression.HttpCompressionMiddleware',
 'scrapy.downloadermiddlewares.stats.DownloaderStats',
 'scrapy.downloadermiddlewares.httpcache.HttpCacheMiddleware']
2025-05-18 03:20:40 [scrapy.middleware] INFO: Enabled spider middlewares:
['scrapy.spidermiddlewares.httperror.HttpErrorMiddleware',
 'scrapy.spidermiddlewares.referer.RefererMiddleware',
 'scrapy.spidermiddlewares.urllength.UrlLengthMiddleware',
 'scrapy.spidermiddlewares.depth.DepthMiddleware']
2025-05-18 03:20:40 [scrapy.middleware] INFO: Enabled item pipelines:
['mercado_inmobiliario.pipelines.MercadoInmobiliarioPipeline',
 'mercado_inmobiliario.pipelines.SQLitePipeline']
2025-05-18 03:20:40 [scrapy.core.engine] INFO: Spider opened
2025-05-18 03:20:40 [root] INFO: Creando archivo /home/estefany/cursos/Mercado-inmobiliario-BA/data/raw/zonaprop_spider_20250518_032040.json
2025-05-18 03:20:40 [mercado_inmobiliario.pipelines] INFO: Conexión establecida con base de datos: data/propiedades.db
2025-05-18 03:20:40 [scrapy.extensions.logstats] INFO: Crawled 0 pages (at 0 pages/min), scraped 0 items (at 0 items/min)
2025-05-18 03:20:40 [scrapy.extensions.telnet] INFO: Telnet console listening on 127.0.0.1:6023
2025-05-18 03:20:40 [mercado_inmobiliario.middlewares] INFO: Procesando https://www.zonaprop.com.ar/departamentos-alquiler-flores.html con Selenium
2025-05-18 03:20:40 [WDM] INFO: ====== WebDriver manager ======
2025-05-18 03:20:41 [WDM] INFO: Get LATEST chromedriver version for google-chrome
2025-05-18 03:20:41 [WDM] INFO: Get LATEST chromedriver version for google-chrome
2025-05-18 03:20:41 [WDM] INFO: Driver [/home/estefany/.wdm/drivers/chromedriver/linux64/133.0.6943.141/chromedriver-linux64/chromedriver] found in cache
2025-05-18 03:20:42 [mercado_inmobiliario.middlewares] INFO: Driver de Selenium inicializado correctamente
2025-05-18 03:20:50 [zonaprop_spider] INFO: Encontradas 30 propiedades en https://www.zonaprop.com.ar/departamentos-alquiler-flores.html
2025-05-18 03:20:50 [mercado_inmobiliario.middlewares] INFO: Procesando https://www.zonaprop.com.ar/propiedades/clasificado/alclapin-alquiler-2-amb-categoria-en-flores-sin-expensas-56138998.html con Selenium
2025-05-18 03:20:55 [mercado_inmobiliario.middlewares] INFO: Procesando https://www.zonaprop.com.ar/propiedades/clasificado/alclapin-depto-2-ambientes-con-cochera-amueblado!-56006060.html con Selenium
2025-05-18 03:21:01 [mercado_inmobiliario.middlewares] INFO: Procesando https://www.zonaprop.com.ar/propiedades/clasificado/alclapin-alquiler-1-ambiente-c-balcon-flores-56151458.html con Selenium
2025-05-18 03:21:07 [mercado_inmobiliario.middlewares] INFO: Procesando https://www.zonaprop.com.ar/propiedades/clasificado/alclapin-alquilo-1-ambiente-divisible-42169764.html con Selenium
2025-05-18 03:21:14 [mercado_inmobiliario.middlewares] INFO: Procesando https://www.zonaprop.com.ar/propiedades/clasificado/alclapin-alquiler-moderno-monoambiente-vista-abierta-56201473.html con Selenium
2025-05-18 03:21:20 [mercado_inmobiliario.middlewares] INFO: Procesando https://www.zonaprop.com.ar/propiedades/clasificado/alclapin-departamento-en-alquiler-en-flores-capital-federal-56118326.html con Selenium
2025-05-18 03:21:26 [mercado_inmobiliario.middlewares] INFO: Procesando https://www.zonaprop.com.ar/propiedades/clasificado/alclapin-alquiler!-4-ambientes-al-frente-av-juan-bautista-56237518.html con Selenium
2025-05-18 03:21:30 [mercado_inmobiliario.middlewares] INFO: Procesando https://www.zonaprop.com.ar/propiedades/clasificado/alclapin-monoambiente-con-vestidor-full-amenities-56151690.html con Selenium
2025-05-18 03:21:36 [mercado_inmobiliario.middlewares] INFO: Procesando https://www.zonaprop.com.ar/propiedades/clasificado/alclapin-luminoso-3-ambientes-con-toilette!-55346604.html con Selenium
2025-05-18 03:21:42 [mercado_inmobiliario.middlewares] INFO: Procesando https://www.zonaprop.com.ar/propiedades/clasificado/alclapin-alquiler-departamento-2-ambientes-flores-norte-55923627.html con Selenium
2025-05-18 03:21:49 [mercado_inmobiliario.middlewares] INFO: Procesando https://www.zonaprop.com.ar/propiedades/clasificado/veclapin-venta-departamento-al-frente-de-4-ambientes-con-patio-53431874.html con Selenium
2025-05-18 03:21:55 [mercado_inmobiliario.middlewares] INFO: Procesando https://www.zonaprop.com.ar/propiedades/clasificado/alclapin-en-alquiler-muy-lindo-monoambiente-con-amplio-balcon-55803407.html con Selenium
2025-05-18 03:21:59 [mercado_inmobiliario.middlewares] INFO: Procesando https://www.zonaprop.com.ar/propiedades/clasificado/alclapin-departamento-2-ambientes-alquiler-flores-vista-abierta-44825779.html con Selenium
2025-05-18 03:22:06 [mercado_inmobiliario.middlewares] INFO: Procesando https://www.zonaprop.com.ar/propiedades/clasificado/alclapin-flores-alquiler-3-ambientes-balcon.-55904850.html con Selenium
2025-05-18 03:22:12 [mercado_inmobiliario.middlewares] INFO: Procesando https://www.zonaprop.com.ar/propiedades/clasificado/alclapin-departamento-monoambiente-en-alquiler-en-flores-sur-56228383.html con Selenium
2025-05-18 03:22:18 [mercado_inmobiliario.middlewares] INFO: Procesando https://www.zonaprop.com.ar/propiedades/clasificado/alclapin-departamento-monoambiente-en-alquiler-en-flores-55864756.html con Selenium
2025-05-18 03:22:24 [mercado_inmobiliario.middlewares] INFO: Procesando https://www.zonaprop.com.ar/propiedades/clasificado/alclapin-monoambiente-amoblado-con-cochera-cubierta-en-alquiler-48700577.html con Selenium
2025-05-18 03:22:28 [mercado_inmobiliario.middlewares] INFO: Procesando https://www.zonaprop.com.ar/propiedades/clasificado/alclapin-departamento-en-alquiler-ubicado-en-flores-capital-56245709.html con Selenium
2025-05-18 03:22:34 [mercado_inmobiliario.middlewares] INFO: Procesando https://www.zonaprop.com.ar/propiedades/clasificado/veclapin-departamento-4-ambientes-alquiler-venta-flores-56113167.html con Selenium
2025-05-18 03:22:40 [mercado_inmobiliario.middlewares] INFO: Procesando https://www.zonaprop.com.ar/propiedades/clasificado/alclapin-departamento-alquiler-2-ambientes-flores-mascotas-56155764.html con Selenium
2025-05-18 03:22:46 [mercado_inmobiliario.middlewares] INFO: Procesando https://www.zonaprop.com.ar/propiedades/clasificado/alclapin-excelente-monoambiente-en-alquiler-flores-56220694.html con Selenium
2025-05-18 03:22:52 [mercado_inmobiliario.middlewares] INFO: Procesando https://www.zonaprop.com.ar/propiedades/clasificado/alclapin-departamento-de-2-ambientes-amenities-donna-acqua-56181921.html con Selenium
2025-05-18 03:22:56 [mercado_inmobiliario.middlewares] INFO: Procesando https://www.zonaprop.com.ar/propiedades/clasificado/alclapin-alquiler-monoambiente-a-estrenar-en-flores-56173359.html con Selenium
2025-05-18 03:23:02 [mercado_inmobiliario.middlewares] INFO: Procesando https://www.zonaprop.com.ar/propiedades/clasificado/alclapin-alquiler-de-tres-ambientes-en-caballito!-55995804.html con Selenium
2025-05-18 03:23:09 [mercado_inmobiliario.middlewares] INFO: Procesando https://www.zonaprop.com.ar/propiedades/clasificado/alclapin-hermoso-monoambiente-con-patio!-55062548.html con Selenium
2025-05-18 03:23:15 [mercado_inmobiliario.middlewares] INFO: Procesando https://www.zonaprop.com.ar/propiedades/clasificado/alclapin-2-ambientes-con-balcon-en-alquiler-proximo-al-subte-a-56085731.html con Selenium
2025-05-18 03:23:21 [mercado_inmobiliario.middlewares] INFO: Procesando https://www.zonaprop.com.ar/propiedades/clasificado/alclapin-departamento-en-flores-55984473.html con Selenium
2025-05-18 03:23:27 [mercado_inmobiliario.middlewares] INFO: Procesando https://www.zonaprop.com.ar/propiedades/clasificado/alclapin-alquiler-departamento-2-ambientes-en-flores-56139242.html con Selenium
2025-05-18 03:23:31 [mercado_inmobiliario.middlewares] INFO: Procesando https://www.zonaprop.com.ar/propiedades/clasificado/alclapin-se-alquila-depto-momo-ambientes-en-piso-alto-en-55740825.html con Selenium
2025-05-18 03:23:37 [mercado_inmobiliario.middlewares] INFO: Procesando https://www.zonaprop.com.ar/propiedades/clasificado/alclapin-ramon-falcon-2600-departamento-de-dos-ambientes-56200252.html con Selenium
2025-05-18 03:23:43 [scrapy.extensions.logstats] INFO: Crawled 31 pages (at 31 pages/min), scraped 0 items (at 0 items/min)
2025-05-18 03:23:43 [scrapy.core.engine] INFO: Closing spider (finished)
2025-05-18 03:23:43 [mercado_inmobiliario.pipelines] INFO: Conexión a base de datos cerrada
2025-05-18 03:23:43 [root] INFO: Archivo guardado: /home/estefany/cursos/Mercado-inmobiliario-BA/data/raw/zonaprop_spider_20250518_032040.json
2025-05-18 03:23:44 [mercado_inmobiliario.middlewares] INFO: Driver de Selenium cerrado
2025-05-18 03:23:44 [scrapy.statscollectors] INFO: Dumping Scrapy stats:
{'downloader/response_bytes': 1354642,
 'downloader/response_count': 31,
 'downloader/response_status_count/200': 31,
 'elapsed_time_seconds': 183.043868,
 'finish_reason': 'finished',
 'finish_time': datetime.datetime(2025, 5, 18, 3, 23, 43, 881558, tzinfo=datetime.timezone.utc),
 'httpcache/firsthand': 31,
 'httpcache/store': 31,
 'item_scraped_count': 30,
 'items_per_minute': None,
 'log_count/INFO': 53,
 'memusage/max': 78548992,
 'memusage/startup': 69918720,
 'request_depth_max': 1,
 'response_received_count': 31,
 'responses_per_minute': None,
 'scheduler/dequeued': 31,
 'scheduler/dequeued/memory': 31,
 'scheduler/enqueued': 31,
 'scheduler/enqueued/memory': 31,
 'start_time': datetime.datetime(2025, 5, 18, 3, 20, 40, 837690, tzinfo=datetime.timezone.utc)}
2025-05-18 03:23:44 [scrapy.core.engine] INFO: Spider closed (finished)
2025-05-18 14:41:55 [scrapy.utils.log] INFO: Scrapy 2.12.0 started (bot: mercado_inmobiliario)
2025-05-18 14:41:55 [scrapy.utils.log] INFO: Versions: lxml 5.4.0.0, libxml2 2.13.8, cssselect 1.3.0, parsel 1.10.0, w3lib 2.3.1, Twisted 24.11.0, Python 3.12.3 (main, Feb  4 2025, 14:48:35) [GCC 13.3.0], pyOpenSSL 25.0.0 (OpenSSL 3.4.1 11 Feb 2025), cryptography 44.0.3, Platform Linux-5.15.167.4-microsoft-standard-WSL2-x86_64-with-glibc2.39
2025-05-18 14:41:55 [scrapy.addons] INFO: Enabled addons:
[]
2025-05-18 14:41:55 [scrapy.extensions.telnet] INFO: Telnet Password: 2e4faebfa774c300
2025-05-18 14:41:55 [scrapy.middleware] INFO: Enabled extensions:
['scrapy.extensions.corestats.CoreStats',
 'scrapy.extensions.telnet.TelnetConsole',
 'scrapy.extensions.memusage.MemoryUsage',
 'scrapy.extensions.throttle.AutoThrottle']
2025-05-18 14:41:55 [scrapy.crawler] INFO: Overridden settings:
{'AUTOTHROTTLE_ENABLED': True,
 'BOT_NAME': 'mercado_inmobiliario',
 'CONCURRENT_REQUESTS': 1,
 'DOWNLOAD_DELAY': 5,
 'DUPEFILTER_CLASS': 'scrapy.dupefilters.BaseDupeFilter',
 'HTTPCACHE_ENABLED': True,
 'HTTPCACHE_EXPIRATION_SECS': 86400,
 'HTTPCACHE_IGNORE_HTTP_CODES': [403, 429, 500, 502, 503, 504],
 'LOGSTATS_INTERVAL': 0,
 'LOG_FILE': 'scrapy.log',
 'LOG_LEVEL': 'INFO',
 'NEWSPIDER_MODULE': 'mercado_inmobiliario.spiders',
 'RETRY_HTTP_CODES': [500, 502, 503, 504, 522, 524, 408, 403, 429],
 'RETRY_TIMES': 5,
 'SPIDER_MODULES': ['mercado_inmobiliario.spiders'],
 'USER_AGENT': 'Mozilla/5.0 (Windows NT 10.0; Win64; x64) AppleWebKit/537.36 '
               '(KHTML, like Gecko) Chrome/93.0.4577.63 Safari/537.36'}
2025-05-18 14:41:56 [scrapy.middleware] INFO: Enabled downloader middlewares:
['scrapy.downloadermiddlewares.offsite.OffsiteMiddleware',
 'scrapy.downloadermiddlewares.httpauth.HttpAuthMiddleware',
 'scrapy.downloadermiddlewares.downloadtimeout.DownloadTimeoutMiddleware',
 'scrapy.downloadermiddlewares.defaultheaders.DefaultHeadersMiddleware',
 'mercado_inmobiliario.middlewares.RotateUserAgentMiddleware',
 'scrapy.downloadermiddlewares.useragent.UserAgentMiddleware',
 'mercado_inmobiliario.middlewares.AdvancedRetryMiddleware',
 'scrapy.downloadermiddlewares.redirect.MetaRefreshMiddleware',
 'scrapy.downloadermiddlewares.redirect.RedirectMiddleware',
 'mercado_inmobiliario.middlewares.SeleniumMiddleware',
 'scrapy.downloadermiddlewares.cookies.CookiesMiddleware',
 'scrapy.downloadermiddlewares.httpproxy.HttpProxyMiddleware',
 'scrapy.downloadermiddlewares.httpcompression.HttpCompressionMiddleware',
 'scrapy.downloadermiddlewares.stats.DownloaderStats',
 'scrapy.downloadermiddlewares.httpcache.HttpCacheMiddleware']
2025-05-18 14:41:56 [scrapy.middleware] INFO: Enabled spider middlewares:
['scrapy.spidermiddlewares.httperror.HttpErrorMiddleware',
 'scrapy.spidermiddlewares.referer.RefererMiddleware',
 'scrapy.spidermiddlewares.urllength.UrlLengthMiddleware',
 'scrapy.spidermiddlewares.depth.DepthMiddleware']
2025-05-18 14:41:56 [scrapy.middleware] INFO: Enabled item pipelines:
['mercado_inmobiliario.pipelines.MercadoInmobiliarioPipeline',
 'mercado_inmobiliario.pipelines.SQLitePipeline']
2025-05-18 14:41:56 [scrapy.extensions.telnet] INFO: Telnet console listening on 127.0.0.1:6023
2025-05-18 14:41:56 [scrapy.core.engine] INFO: Spider opened
2025-05-18 14:41:56 [root] INFO: Creando archivo /home/estefany/cursos/Mercado-inmobiliario-BA/data/raw/zonaprop_spider_20250518_144156.json
2025-05-18 14:41:56 [mercado_inmobiliario.pipelines] INFO: Conexión establecida con base de datos: data/propiedades.db
2025-05-18 14:41:56 [mercado_inmobiliario.middlewares] INFO: Procesando https://www.zonaprop.com.ar/propiedades/clasificado/alclapin-alquiler-2-amb-categoria-en-flores-sin-expensas-56138998.html con Selenium
2025-05-18 14:41:56 [WDM] INFO: ====== WebDriver manager ======
2025-05-18 14:41:56 [WDM] INFO: Get LATEST chromedriver version for google-chrome
2025-05-18 14:41:57 [WDM] INFO: Get LATEST chromedriver version for google-chrome
2025-05-18 14:41:57 [WDM] INFO: Driver [/home/estefany/.wdm/drivers/chromedriver/linux64/133.0.6943.141/chromedriver-linux64/chromedriver] found in cache
2025-05-18 14:41:59 [mercado_inmobiliario.middlewares] INFO: Driver de Selenium inicializado correctamente
2025-05-18 15:16:37 [scrapy.utils.log] INFO: Scrapy 2.12.0 started (bot: mercado_inmobiliario)
2025-05-18 15:16:37 [scrapy.utils.log] INFO: Versions: lxml 5.4.0.0, libxml2 2.13.8, cssselect 1.3.0, parsel 1.10.0, w3lib 2.3.1, Twisted 24.11.0, Python 3.12.3 (main, Feb  4 2025, 14:48:35) [GCC 13.3.0], pyOpenSSL 25.0.0 (OpenSSL 3.4.1 11 Feb 2025), cryptography 44.0.3, Platform Linux-5.15.167.4-microsoft-standard-WSL2-x86_64-with-glibc2.39
2025-05-18 15:16:37 [scrapy.addons] INFO: Enabled addons:
[]
2025-05-18 15:16:37 [scrapy.extensions.telnet] INFO: Telnet Password: ba06d336d468975b
2025-05-18 15:16:37 [scrapy.middleware] INFO: Enabled extensions:
['scrapy.extensions.corestats.CoreStats',
 'scrapy.extensions.telnet.TelnetConsole',
 'scrapy.extensions.memusage.MemoryUsage',
 'scrapy.extensions.throttle.AutoThrottle']
2025-05-18 15:16:37 [scrapy.crawler] INFO: Overridden settings:
{'AUTOTHROTTLE_ENABLED': True,
 'BOT_NAME': 'mercado_inmobiliario',
 'CONCURRENT_REQUESTS': 1,
 'DOWNLOAD_DELAY': 5,
 'DUPEFILTER_CLASS': 'scrapy.dupefilters.BaseDupeFilter',
 'HTTPCACHE_ENABLED': True,
 'HTTPCACHE_EXPIRATION_SECS': 86400,
 'HTTPCACHE_IGNORE_HTTP_CODES': [403, 429, 500, 502, 503, 504],
 'LOGSTATS_INTERVAL': 0,
 'LOG_FILE': 'scrapy.log',
 'LOG_LEVEL': 'INFO',
 'NEWSPIDER_MODULE': 'mercado_inmobiliario.spiders',
 'RETRY_HTTP_CODES': [500, 502, 503, 504, 522, 524, 408, 403, 429],
 'RETRY_TIMES': 5,
 'SPIDER_MODULES': ['mercado_inmobiliario.spiders'],
 'USER_AGENT': 'Mozilla/5.0 (Windows NT 10.0; Win64; x64) AppleWebKit/537.36 '
               '(KHTML, like Gecko) Chrome/93.0.4577.63 Safari/537.36'}
2025-05-18 15:16:38 [scrapy.middleware] INFO: Enabled downloader middlewares:
['scrapy.downloadermiddlewares.offsite.OffsiteMiddleware',
 'scrapy.downloadermiddlewares.httpauth.HttpAuthMiddleware',
 'scrapy.downloadermiddlewares.downloadtimeout.DownloadTimeoutMiddleware',
 'scrapy.downloadermiddlewares.defaultheaders.DefaultHeadersMiddleware',
 'mercado_inmobiliario.middlewares.RotateUserAgentMiddleware',
 'scrapy.downloadermiddlewares.useragent.UserAgentMiddleware',
 'mercado_inmobiliario.middlewares.AdvancedRetryMiddleware',
 'scrapy.downloadermiddlewares.redirect.MetaRefreshMiddleware',
 'scrapy.downloadermiddlewares.redirect.RedirectMiddleware',
 'mercado_inmobiliario.middlewares.SeleniumMiddleware',
 'scrapy.downloadermiddlewares.cookies.CookiesMiddleware',
 'scrapy.downloadermiddlewares.httpproxy.HttpProxyMiddleware',
 'scrapy.downloadermiddlewares.httpcompression.HttpCompressionMiddleware',
 'scrapy.downloadermiddlewares.stats.DownloaderStats',
 'scrapy.downloadermiddlewares.httpcache.HttpCacheMiddleware']
2025-05-18 15:16:38 [scrapy.middleware] INFO: Enabled spider middlewares:
['scrapy.spidermiddlewares.httperror.HttpErrorMiddleware',
 'scrapy.spidermiddlewares.referer.RefererMiddleware',
 'scrapy.spidermiddlewares.urllength.UrlLengthMiddleware',
 'scrapy.spidermiddlewares.depth.DepthMiddleware']
2025-05-18 15:16:38 [scrapy.middleware] INFO: Enabled item pipelines:
['mercado_inmobiliario.pipelines.MercadoInmobiliarioPipeline',
 'mercado_inmobiliario.pipelines.SQLitePipeline']
2025-05-18 15:16:38 [scrapy.extensions.telnet] INFO: Telnet console listening on 127.0.0.1:6023
2025-05-18 15:16:38 [scrapy.core.engine] INFO: Spider opened
2025-05-18 15:16:38 [root] INFO: Creando archivo /home/estefany/cursos/Mercado-inmobiliario-BA/data/raw/zonaprop_spider_20250518_151638.json
2025-05-18 15:16:38 [mercado_inmobiliario.pipelines] INFO: Conexión establecida con base de datos: data/propiedades.db
2025-05-18 15:16:38 [mercado_inmobiliario.middlewares] INFO: Procesando https://www.zonaprop.com.ar/propiedades/clasificado/alclapin-se-alquila-depto-momo-ambientes-en-piso-alto-en-55740825.html con Selenium
2025-05-18 15:16:38 [WDM] INFO: ====== WebDriver manager ======
2025-05-18 15:16:39 [WDM] INFO: Get LATEST chromedriver version for google-chrome
2025-05-18 15:16:39 [WDM] INFO: Get LATEST chromedriver version for google-chrome
2025-05-18 15:16:39 [WDM] INFO: Driver [/home/estefany/.wdm/drivers/chromedriver/linux64/133.0.6943.141/chromedriver-linux64/chromedriver] found in cache
2025-05-18 15:16:40 [mercado_inmobiliario.middlewares] INFO: Driver de Selenium inicializado correctamente
2025-05-18 15:20:34 [scrapy.utils.log] INFO: Scrapy 2.12.0 started (bot: mercado_inmobiliario)
2025-05-18 15:20:34 [scrapy.utils.log] INFO: Versions: lxml 5.4.0.0, libxml2 2.13.8, cssselect 1.3.0, parsel 1.10.0, w3lib 2.3.1, Twisted 24.11.0, Python 3.12.3 (main, Feb  4 2025, 14:48:35) [GCC 13.3.0], pyOpenSSL 25.0.0 (OpenSSL 3.4.1 11 Feb 2025), cryptography 44.0.3, Platform Linux-5.15.167.4-microsoft-standard-WSL2-x86_64-with-glibc2.39
2025-05-18 15:20:34 [scrapy.addons] INFO: Enabled addons:
[]
2025-05-18 15:20:34 [scrapy.extensions.telnet] INFO: Telnet Password: 9b8ba38534c0bc02
2025-05-18 15:20:34 [scrapy.middleware] INFO: Enabled extensions:
['scrapy.extensions.corestats.CoreStats',
 'scrapy.extensions.telnet.TelnetConsole',
 'scrapy.extensions.memusage.MemoryUsage',
 'scrapy.extensions.throttle.AutoThrottle']
2025-05-18 15:20:34 [scrapy.crawler] INFO: Overridden settings:
{'AUTOTHROTTLE_ENABLED': True,
 'BOT_NAME': 'mercado_inmobiliario',
 'CONCURRENT_REQUESTS': 1,
 'DOWNLOAD_DELAY': 5,
 'DUPEFILTER_CLASS': 'scrapy.dupefilters.BaseDupeFilter',
 'HTTPCACHE_ENABLED': True,
 'HTTPCACHE_EXPIRATION_SECS': 86400,
 'HTTPCACHE_IGNORE_HTTP_CODES': [403, 429, 500, 502, 503, 504],
 'LOGSTATS_INTERVAL': 0,
 'LOG_FILE': 'scrapy.log',
 'LOG_LEVEL': 'INFO',
 'NEWSPIDER_MODULE': 'mercado_inmobiliario.spiders',
 'RETRY_HTTP_CODES': [500, 502, 503, 504, 522, 524, 408, 403, 429],
 'RETRY_TIMES': 5,
 'SPIDER_MODULES': ['mercado_inmobiliario.spiders'],
 'USER_AGENT': 'Mozilla/5.0 (Windows NT 10.0; Win64; x64) AppleWebKit/537.36 '
               '(KHTML, like Gecko) Chrome/93.0.4577.63 Safari/537.36'}
2025-05-18 15:20:34 [scrapy.middleware] INFO: Enabled downloader middlewares:
['scrapy.downloadermiddlewares.offsite.OffsiteMiddleware',
 'scrapy.downloadermiddlewares.httpauth.HttpAuthMiddleware',
 'scrapy.downloadermiddlewares.downloadtimeout.DownloadTimeoutMiddleware',
 'scrapy.downloadermiddlewares.defaultheaders.DefaultHeadersMiddleware',
 'mercado_inmobiliario.middlewares.RotateUserAgentMiddleware',
 'scrapy.downloadermiddlewares.useragent.UserAgentMiddleware',
 'mercado_inmobiliario.middlewares.AdvancedRetryMiddleware',
 'scrapy.downloadermiddlewares.redirect.MetaRefreshMiddleware',
 'scrapy.downloadermiddlewares.redirect.RedirectMiddleware',
 'mercado_inmobiliario.middlewares.SeleniumMiddleware',
 'scrapy.downloadermiddlewares.cookies.CookiesMiddleware',
 'scrapy.downloadermiddlewares.httpproxy.HttpProxyMiddleware',
 'scrapy.downloadermiddlewares.httpcompression.HttpCompressionMiddleware',
 'scrapy.downloadermiddlewares.stats.DownloaderStats',
 'scrapy.downloadermiddlewares.httpcache.HttpCacheMiddleware']
2025-05-18 15:20:34 [scrapy.middleware] INFO: Enabled spider middlewares:
['scrapy.spidermiddlewares.httperror.HttpErrorMiddleware',
 'scrapy.spidermiddlewares.referer.RefererMiddleware',
 'scrapy.spidermiddlewares.urllength.UrlLengthMiddleware',
 'scrapy.spidermiddlewares.depth.DepthMiddleware']
2025-05-18 15:20:34 [scrapy.middleware] INFO: Enabled item pipelines:
['mercado_inmobiliario.pipelines.MercadoInmobiliarioPipeline',
 'mercado_inmobiliario.pipelines.SQLitePipeline']
2025-05-18 15:20:34 [scrapy.extensions.telnet] INFO: Telnet console listening on 127.0.0.1:6024
2025-05-18 15:20:34 [scrapy.core.engine] INFO: Spider opened
2025-05-18 15:20:34 [root] INFO: Creando archivo /home/estefany/cursos/Mercado-inmobiliario-BA/data/raw/zonaprop_spider_20250518_152034.json
2025-05-18 15:20:34 [mercado_inmobiliario.pipelines] INFO: Conexión establecida con base de datos: data/propiedades.db
2025-05-18 15:20:34 [mercado_inmobiliario.middlewares] INFO: Procesando https://www.zonaprop.com.ar/propiedades/clasificado/alclapin-se-alquila-depto-momo-ambientes-en-piso-alto-en-55740825.html con Selenium
2025-05-18 15:20:34 [WDM] INFO: ====== WebDriver manager ======
2025-05-18 15:20:35 [WDM] INFO: Get LATEST chromedriver version for google-chrome
2025-05-18 15:20:35 [WDM] INFO: Get LATEST chromedriver version for google-chrome
2025-05-18 15:20:35 [WDM] INFO: Driver [/home/estefany/.wdm/drivers/chromedriver/linux64/133.0.6943.141/chromedriver-linux64/chromedriver] found in cache
2025-05-18 15:20:36 [mercado_inmobiliario.middlewares] INFO: Driver de Selenium inicializado correctamente
